D:\GITHUB\GENERALSOLUTION\DEBUG\HELLOWORD.EXE
D:\GITHUB\GENERALSOLUTION\DEBUG\HELLOWORD.ILK
D:\GITHUB\GENERALSOLUTION\DEBUG\HELLOWORD.PDB
D:\GitHub\GeneralSolution\HelloWord\Debug\cl.command.1.tlog
D:\GitHub\GeneralSolution\HelloWord\Debug\CL.read.1.tlog
D:\GitHub\GeneralSolution\HelloWord\Debug\CL.write.1.tlog
D:\GITHUB\GENERALSOLUTION\HELLOWORD\DEBUG\HELLOWORD.EXE.EMBED.MANIFEST
D:\GITHUB\GENERALSOLUTION\HELLOWORD\DEBUG\HELLOWORD.EXE.EMBED.MANIFEST.RES
D:\GITHUB\GENERALSOLUTION\HELLOWORD\DEBUG\HELLOWORD.EXE.INTERMEDIATE.MANIFEST
D:\GITHUB\GENERALSOLUTION\HELLOWORD\DEBUG\HELLOWORD.OBJ
D:\GITHUB\GENERALSOLUTION\HELLOWORD\DEBUG\HELLOWORD.PCH
D:\GitHub\GeneralSolution\HelloWord\Debug\HelloWord.vcxprojResolveAssemblyReference.cache
D:\GitHub\GeneralSolution\HelloWord\Debug\HelloWord.write.1.tlog
D:\GitHub\GeneralSolution\HelloWord\Debug\HelloWord_manifest.rc
D:\GitHub\GeneralSolution\HelloWord\Debug\link.18164.read.1.tlog
D:\GitHub\GeneralSolution\HelloWord\Debug\link.18164.write.1.tlog
D:\GitHub\GeneralSolution\HelloWord\Debug\link.18164-cvtres.read.1.tlog
D:\GitHub\GeneralSolution\HelloWord\Debug\link.18164-cvtres.write.1.tlog
D:\GitHub\GeneralSolution\HelloWord\Debug\link.command.1.tlog
D:\GitHub\GeneralSolution\HelloWord\Debug\link.read.1.tlog
D:\GitHub\GeneralSolution\HelloWord\Debug\link.write.1.tlog
D:\GitHub\GeneralSolution\HelloWord\Debug\link-cvtres.read.1.tlog
D:\GitHub\GeneralSolution\HelloWord\Debug\link-cvtres.write.1.tlog
D:\GitHub\GeneralSolution\HelloWord\Debug\mt.command.1.tlog
D:\GitHub\GeneralSolution\HelloWord\Debug\mt.read.1.tlog
D:\GitHub\GeneralSolution\HelloWord\Debug\mt.write.1.tlog
D:\GitHub\GeneralSolution\HelloWord\Debug\rc.command.1.tlog
D:\GitHub\GeneralSolution\HelloWord\Debug\rc.read.1.tlog
D:\GitHub\GeneralSolution\HelloWord\Debug\rc.write.1.tlog
D:\GITHUB\GENERALSOLUTION\HELLOWORD\DEBUG\STDAFX.OBJ
D:\GitHub\GeneralSolution\HelloWord\Debug\vc100.idb
D:\GITHUB\GENERALSOLUTION\HELLOWORD\DEBUG\VC100.PDB
